TN:
SF:C:\Users\UCHEKA CHUKWUKELEUBA\Desktop\devconnector\myapp\devconnector\api\app.js
FN:16,(anonymous_0)
FN:19,(anonymous_1)
FN:26,(anonymous_2)
FN:37,(anonymous_3)
FNF:4
FNH:3
FNDA:1,(anonymous_0)
FNDA:0,(anonymous_1)
FNDA:9,(anonymous_2)
FNDA:1,(anonymous_3)
DA:8,1
DA:10,1
DA:17,1
DA:19,0
DA:21,1
DA:22,1
DA:24,1
DA:26,1
DA:27,9
DA:28,9
DA:29,9
DA:30,9
DA:33,1
DA:34,1
DA:35,1
DA:37,1
DA:38,1
LF:17
LH:16
BRF:0
BRH:0
end_of_record
TN:
SF:C:\Users\UCHEKA CHUKWUKELEUBA\Desktop\devconnector\myapp\devconnector\api\config\verifyToken.js
FN:3,(anonymous_0)
FNF:1
FNH:1
FNDA:3,(anonymous_0)
DA:3,1
DA:4,3
DA:5,3
DA:6,3
DA:7,1
DA:8,1
DA:10,2
LF:7
LH:7
BRF:0
BRH:0
end_of_record
TN:
SF:C:\Users\UCHEKA CHUKWUKELEUBA\Desktop\devconnector\myapp\devconnector\api\controllers\Post.js
FN:6,(anonymous_0)
FN:22,(anonymous_1)
FN:24,(anonymous_2)
FN:27,(anonymous_3)
FN:28,(anonymous_4)
FN:30,(anonymous_5)
FN:33,(anonymous_6)
FN:40,(anonymous_7)
FN:45,(anonymous_8)
FN:49,(anonymous_9)
FN:50,(anonymous_10)
FN:59,(anonymous_11)
FN:64,(anonymous_12)
FN:72,(anonymous_13)
FN:76,(anonymous_14)
FN:78,(anonymous_15)
FN:80,(anonymous_16)
FN:88,(anonymous_17)
FN:90,(anonymous_18)
FN:96,(anonymous_19)
FN:100,(anonymous_20)
FN:102,(anonymous_21)
FN:104,(anonymous_22)
FN:112,(anonymous_23)
FN:114,(anonymous_24)
FN:120,(anonymous_25)
FN:147,(anonymous_26)
FN:154,(anonymous_27)
FNF:28
FNH:0
FNDA:0,(anonymous_0)
FNDA:0,(anonymous_1)
FNDA:0,(anonymous_2)
FNDA:0,(anonymous_3)
FNDA:0,(anonymous_4)
FNDA:0,(anonymous_5)
FNDA:0,(anonymous_6)
FNDA:0,(anonymous_7)
FNDA:0,(anonymous_8)
FNDA:0,(anonymous_9)
FNDA:0,(anonymous_10)
FNDA:0,(anonymous_11)
FNDA:0,(anonymous_12)
FNDA:0,(anonymous_13)
FNDA:0,(anonymous_14)
FNDA:0,(anonymous_15)
FNDA:0,(anonymous_16)
FNDA:0,(anonymous_17)
FNDA:0,(anonymous_18)
FNDA:0,(anonymous_19)
FNDA:0,(anonymous_20)
FNDA:0,(anonymous_21)
FNDA:0,(anonymous_22)
FNDA:0,(anonymous_23)
FNDA:0,(anonymous_24)
FNDA:0,(anonymous_25)
FNDA:0,(anonymous_26)
FNDA:0,(anonymous_27)
DA:7,0
DA:9,0
DA:10,0
DA:12,0
DA:13,0
DA:15,0
DA:22,0
DA:25,0
DA:27,0
DA:28,0
DA:31,0
DA:32,0
DA:34,0
DA:35,0
DA:37,0
DA:38,0
DA:41,0
DA:42,0
DA:46,0
DA:47,0
DA:48,0
DA:49,0
DA:50,0
DA:52,0
DA:53,0
DA:57,0
DA:60,0
DA:65,0
DA:73,0
DA:74,0
DA:75,0
DA:76,0
DA:77,0
DA:80,0
DA:82,0
DA:83,0
DA:84,0
DA:87,0
DA:88,0
DA:91,0
DA:92,0
DA:97,0
DA:98,0
DA:99,0
DA:100,0
DA:101,0
DA:104,0
DA:106,0
DA:107,0
DA:108,0
DA:111,0
DA:112,0
DA:115,0
DA:116,0
DA:121,0
DA:122,0
DA:123,0
DA:125,0
DA:126,0
DA:132,0
DA:133,0
DA:134,0
DA:135,0
DA:136,0
DA:138,0
DA:143,0
DA:144,0
DA:148,0
DA:149,0
DA:150,0
DA:151,0
DA:152,0
DA:153,0
DA:154,0
DA:155,0
DA:157,0
DA:158,0
DA:159,0
DA:160,0
DA:161,0
DA:164,0
DA:165,0
DA:169,0
DA:170,0
LF:84
LH:0
BRDA:9,0,0,0
BRDA:9,0,1,0
BRDA:34,1,0,0
BRDA:34,1,1,0
BRDA:52,2,0,0
BRDA:52,2,1,0
BRDA:82,3,0,0
BRDA:82,3,1,0
BRDA:106,4,0,0
BRDA:106,4,1,0
BRDA:122,5,0,0
BRDA:122,5,1,0
BRDA:135,6,0,0
BRDA:135,6,1,0
BRDA:153,7,0,0
BRDA:153,7,1,0
BRDA:155,8,0,0
BRDA:155,8,1,0
BRDA:157,9,0,0
BRDA:157,9,1,0
BRDA:160,10,0,0
BRDA:160,10,1,0
BRF:22
BRH:0
end_of_record
TN:
SF:C:\Users\UCHEKA CHUKWUKELEUBA\Desktop\devconnector\myapp\devconnector\api\controllers\Profile.js
FN:8,(anonymous_0)
FN:12,(anonymous_1)
FN:19,(anonymous_2)
FN:22,(anonymous_3)
FN:26,(anonymous_4)
FN:33,(anonymous_5)
FN:36,(anonymous_6)
FN:42,(anonymous_7)
FN:49,(anonymous_8)
FN:55,(anonymous_9)
FN:58,(anonymous_10)
FN:65,(anonymous_11)
FN:71,(anonymous_12)
FN:80,(anonymous_13)
FN:86,(anonymous_14)
FN:87,(anonymous_15)
FN:89,(anonymous_16)
FN:94,(anonymous_17)
FN:103,(anonymous_18)
FN:108,(anonymous_19)
FN:111,(anonymous_20)
FN:113,(anonymous_21)
FN:116,(anonymous_22)
FN:120,(anonymous_23)
FN:123,(anonymous_24)
FN:127,(anonymous_25)
FN:128,(anonymous_26)
FN:136,(anonymous_27)
FN:139,(anonymous_28)
FN:143,(anonymous_29)
FN:150,(anonymous_30)
FN:154,(anonymous_31)
FN:155,(anonymous_32)
FN:159,(anonymous_33)
FN:161,(anonymous_34)
FN:232,(anonymous_35)
FN:236,(anonymous_36)
FN:242,(anonymous_37)
FN:251,(anonymous_38)
FN:261,(anonymous_39)
FN:268,(anonymous_40)
FN:274,(anonymous_41)
FN:281,(anonymous_42)
FNF:43
FNH:8
FNDA:3,(anonymous_0)
FNDA:3,(anonymous_1)
FNDA:0,(anonymous_2)
FNDA:1,(anonymous_3)
FNDA:1,(anonymous_4)
FNDA:0,(anonymous_5)
FNDA:0,(anonymous_6)
FNDA:0,(anonymous_7)
FNDA:0,(anonymous_8)
FNDA:0,(anonymous_9)
FNDA:0,(anonymous_10)
FNDA:0,(anonymous_11)
FNDA:0,(anonymous_12)
FNDA:0,(anonymous_13)
FNDA:0,(anonymous_14)
FNDA:0,(anonymous_15)
FNDA:0,(anonymous_16)
FNDA:0,(anonymous_17)
FNDA:0,(anonymous_18)
FNDA:0,(anonymous_19)
FNDA:0,(anonymous_20)
FNDA:0,(anonymous_21)
FNDA:0,(anonymous_22)
FNDA:0,(anonymous_23)
FNDA:0,(anonymous_24)
FNDA:0,(anonymous_25)
FNDA:0,(anonymous_26)
FNDA:0,(anonymous_27)
FNDA:0,(anonymous_28)
FNDA:0,(anonymous_29)
FNDA:0,(anonymous_30)
FNDA:0,(anonymous_31)
FNDA:0,(anonymous_32)
FNDA:0,(anonymous_33)
FNDA:1,(anonymous_34)
FNDA:1,(anonymous_35)
FNDA:0,(anonymous_36)
FNDA:0,(anonymous_37)
FNDA:1,(anonymous_38)
FNDA:1,(anonymous_39)
FNDA:0,(anonymous_40)
FNDA:0,(anonymous_41)
FNDA:0,(anonymous_42)
DA:9,3
DA:10,3
DA:13,3
DA:14,2
DA:15,2
DA:17,1
DA:19,0
DA:23,1
DA:24,1
DA:27,1
DA:28,0
DA:29,0
DA:31,1
DA:33,0
DA:37,0
DA:40,0
DA:43,0
DA:44,0
DA:45,0
DA:47,0
DA:49,0
DA:56,0
DA:57,0
DA:59,0
DA:60,0
DA:61,0
DA:63,0
DA:65,0
DA:72,0
DA:73,0
DA:75,0
DA:77,0
DA:78,0
DA:79,0
DA:81,0
DA:83,0
DA:84,0
DA:86,0
DA:87,0
DA:89,0
DA:95,0
DA:96,0
DA:98,0
DA:100,0
DA:101,0
DA:102,0
DA:104,0
DA:105,0
DA:106,0
DA:109,0
DA:111,0
DA:113,0
DA:117,0
DA:118,0
DA:119,0
DA:121,0
DA:122,0
DA:123,0
DA:124,0
DA:125,0
DA:127,0
DA:128,0
DA:131,0
DA:132,0
DA:136,0
DA:140,0
DA:141,0
DA:142,0
DA:144,0
DA:146,0
DA:147,0
DA:148,0
DA:150,0
DA:151,0
DA:152,0
DA:154,0
DA:155,0
DA:159,0
DA:162,1
DA:163,1
DA:165,0
DA:181,1
DA:183,1
DA:184,1
DA:185,1
DA:187,1
DA:188,1
DA:190,1
DA:191,0
DA:193,1
DA:194,0
DA:196,1
DA:197,0
DA:199,1
DA:200,1
DA:202,1
DA:203,0
DA:205,1
DA:206,1
DA:209,1
DA:210,1
DA:213,1
DA:215,1
DA:216,0
DA:218,1
DA:219,0
DA:221,1
DA:222,0
DA:224,1
DA:225,0
DA:227,1
DA:228,0
DA:231,1
DA:233,1
DA:235,0
DA:237,0
DA:243,0
DA:250,1
DA:252,1
DA:253,0
DA:254,0
DA:258,1
DA:259,1
DA:262,1
DA:263,1
DA:269,0
DA:275,0
DA:282,0
LF:128
LH:42
BRDA:13,0,0,2
BRDA:13,0,1,1
BRDA:27,1,0,0
BRDA:27,1,1,1
BRDA:43,2,0,0
BRDA:43,2,1,0
BRDA:59,3,0,0
BRDA:59,3,1,0
BRDA:73,4,0,0
BRDA:73,4,1,0
BRDA:96,5,0,0
BRDA:96,5,1,0
BRDA:121,6,0,0
BRDA:121,6,1,0
BRDA:122,7,0,0
BRDA:122,7,1,0
BRDA:144,8,0,0
BRDA:144,8,1,0
BRDA:146,9,0,0
BRDA:146,9,1,0
BRDA:163,10,0,0
BRDA:163,10,1,1
BRDA:187,11,0,1
BRDA:187,11,1,0
BRDA:190,12,0,0
BRDA:190,12,1,1
BRDA:193,13,0,0
BRDA:193,13,1,1
BRDA:196,14,0,0
BRDA:196,14,1,1
BRDA:199,15,0,1
BRDA:199,15,1,0
BRDA:202,16,0,0
BRDA:202,16,1,1
BRDA:205,17,0,1
BRDA:205,17,1,0
BRDA:209,18,0,1
BRDA:209,18,1,0
BRDA:215,19,0,0
BRDA:215,19,1,1
BRDA:218,20,0,0
BRDA:218,20,1,1
BRDA:221,21,0,0
BRDA:221,21,1,1
BRDA:224,22,0,0
BRDA:224,22,1,1
BRDA:227,23,0,0
BRDA:227,23,1,1
BRDA:233,24,0,0
BRDA:233,24,1,1
BRDA:252,25,0,0
BRDA:252,25,1,1
BRF:52
BRH:19
end_of_record
TN:
SF:C:\Users\UCHEKA CHUKWUKELEUBA\Desktop\devconnector\myapp\devconnector\api\controllers\user.js
FN:10,(anonymous_0)
FN:25,(anonymous_1)
FN:31,(anonymous_2)
FN:32,(anonymous_3)
FN:37,(anonymous_4)
FN:40,(anonymous_5)
FN:45,(anonymous_6)
FN:57,(anonymous_7)
FN:59,(anonymous_8)
FN:68,(anonymous_9)
FNF:10
FNH:9
FNDA:1,(anonymous_0)
FNDA:1,(anonymous_1)
FNDA:1,(anonymous_2)
FNDA:1,(anonymous_3)
FNDA:1,(anonymous_4)
FNDA:0,(anonymous_5)
FNDA:1,(anonymous_6)
FNDA:1,(anonymous_7)
FNDA:1,(anonymous_8)
FNDA:1,(anonymous_9)
DA:7,1
DA:11,1
DA:12,1
DA:13,0
DA:16,1
DA:18,1
DA:25,1
DA:26,1
DA:27,0
DA:31,1
DA:32,1
DA:33,1
DA:34,1
DA:35,1
DA:38,1
DA:40,0
DA:51,1
DA:52,1
DA:53,0
DA:55,1
DA:57,1
DA:58,1
DA:59,1
DA:60,1
DA:61,1
DA:62,1
DA:68,1
DA:69,1
DA:75,0
DA:81,0
LF:30
LH:24
BRDA:12,0,0,0
BRDA:12,0,1,1
BRDA:26,1,0,0
BRDA:26,1,1,1
BRDA:33,2,0,0
BRDA:33,2,1,1
BRDA:52,3,0,0
BRDA:52,3,1,1
BRDA:58,4,0,1
BRDA:58,4,1,0
BRDA:60,5,0,0
BRDA:60,5,1,1
BRDA:61,6,0,1
BRDA:61,6,1,0
BRF:14
BRH:7
end_of_record
TN:
SF:C:\Users\UCHEKA CHUKWUKELEUBA\Desktop\devconnector\myapp\devconnector\api\models\post\post.js
FNF:0
FNH:0
DA:3,1
DA:5,1
DA:57,1
LF:3
LH:3
BRF:0
BRH:0
end_of_record
TN:
SF:C:\Users\UCHEKA CHUKWUKELEUBA\Desktop\devconnector\myapp\devconnector\api\models\profile\Profile.js
FNF:0
FNH:0
DA:3,1
DA:5,1
DA:122,1
LF:3
LH:3
BRF:0
BRH:0
end_of_record
TN:
SF:C:\Users\UCHEKA CHUKWUKELEUBA\Desktop\devconnector\myapp\devconnector\api\models\users\users.js
FNF:0
FNH:0
DA:3,1
DA:5,1
DA:28,1
LF:3
LH:3
BRF:0
BRH:0
end_of_record
TN:
SF:C:\Users\UCHEKA CHUKWUKELEUBA\Desktop\devconnector\myapp\devconnector\api\routes\post\post.js
FNF:0
FNH:0
DA:4,1
DA:8,1
DA:12,1
DA:16,1
DA:20,1
DA:24,1
DA:28,1
DA:32,1
DA:36,1
LF:9
LH:9
BRF:0
BRH:0
end_of_record
TN:
SF:C:\Users\UCHEKA CHUKWUKELEUBA\Desktop\devconnector\myapp\devconnector\api\routes\profile\Profile.js
FNF:0
FNH:0
DA:5,1
DA:9,1
DA:14,1
DA:19,1
DA:24,1
DA:28,1
DA:32,1
DA:37,1
DA:41,1
DA:46,1
LF:10
LH:10
BRF:0
BRH:0
end_of_record
TN:
SF:C:\Users\UCHEKA CHUKWUKELEUBA\Desktop\devconnector\myapp\devconnector\api\routes\user\user.js
FNF:0
FNH:0
DA:4,1
DA:9,1
DA:14,1
LF:3
LH:3
BRF:0
BRH:0
end_of_record
TN:
SF:C:\Users\UCHEKA CHUKWUKELEUBA\Desktop\devconnector\myapp\devconnector\api\validator\Profile.js
FN:4,(anonymous_0)
FNF:1
FNH:1
FNDA:1,(anonymous_0)
DA:4,1
DA:5,1
DA:6,1
DA:7,1
DA:8,1
DA:9,1
DA:11,1
DA:12,0
DA:14,1
DA:15,0
DA:17,1
DA:18,0
DA:20,1
DA:21,0
DA:23,1
DA:24,0
DA:25,0
DA:28,1
DA:29,0
DA:30,0
DA:33,1
DA:34,0
DA:35,0
DA:38,1
DA:39,0
DA:40,0
DA:43,1
DA:44,0
DA:45,0
DA:48,1
DA:49,0
DA:50,0
DA:53,1
LF:33
LH:17
BRDA:7,0,0,1
BRDA:7,0,1,0
BRDA:8,1,0,1
BRDA:8,1,1,0
BRDA:9,2,0,1
BRDA:9,2,1,0
BRDA:11,3,0,0
BRDA:11,3,1,1
BRDA:14,4,0,0
BRDA:14,4,1,1
BRDA:17,5,0,0
BRDA:17,5,1,1
BRDA:20,6,0,0
BRDA:20,6,1,1
BRDA:23,7,0,0
BRDA:23,7,1,1
BRDA:24,8,0,0
BRDA:24,8,1,0
BRDA:28,9,0,0
BRDA:28,9,1,1
BRDA:29,10,0,0
BRDA:29,10,1,0
BRDA:33,11,0,0
BRDA:33,11,1,1
BRDA:34,12,0,0
BRDA:34,12,1,0
BRDA:38,13,0,0
BRDA:38,13,1,1
BRDA:39,14,0,0
BRDA:39,14,1,0
BRDA:43,15,0,0
BRDA:43,15,1,1
BRDA:44,16,0,0
BRDA:44,16,1,0
BRDA:48,17,0,0
BRDA:48,17,1,1
BRDA:49,18,0,0
BRDA:49,18,1,0
BRF:38
BRH:13
end_of_record
TN:
SF:C:\Users\UCHEKA CHUKWUKELEUBA\Desktop\devconnector\myapp\devconnector\api\validator\education.js
FN:4,(anonymous_0)
FNF:1
FNH:0
FNDA:0,(anonymous_0)
DA:4,1
DA:5,0
DA:6,0
DA:7,0
DA:8,0
DA:9,0
DA:10,0
DA:11,0
DA:13,0
DA:14,0
DA:16,0
DA:17,0
DA:19,0
DA:20,0
DA:22,0
DA:23,0
DA:25,0
DA:26,0
DA:28,0
DA:29,0
DA:31,0
DA:32,0
DA:34,0
DA:35,0
DA:36,0
DA:39,0
DA:40,0
DA:41,0
DA:44,0
DA:45,0
DA:46,0
DA:50,0
LF:32
LH:1
BRDA:7,0,0,0
BRDA:7,0,1,0
BRDA:8,1,0,0
BRDA:8,1,1,0
BRDA:9,2,0,0
BRDA:9,2,1,0
BRDA:10,3,0,0
BRDA:10,3,1,0
BRDA:11,4,0,0
BRDA:11,4,1,0
BRDA:13,5,0,0
BRDA:13,5,1,0
BRDA:16,6,0,0
BRDA:16,6,1,0
BRDA:19,7,0,0
BRDA:19,7,1,0
BRDA:22,8,0,0
BRDA:22,8,1,0
BRDA:25,9,0,0
BRDA:25,9,1,0
BRDA:28,10,0,0
BRDA:28,10,1,0
BRDA:31,11,0,0
BRDA:31,11,1,0
BRDA:34,12,0,0
BRDA:34,12,1,0
BRDA:35,13,0,0
BRDA:35,13,1,0
BRDA:39,14,0,0
BRDA:39,14,1,0
BRDA:40,15,0,0
BRDA:40,15,1,0
BRDA:44,16,0,0
BRDA:44,16,1,0
BRDA:45,17,0,0
BRDA:45,17,1,0
BRF:36
BRH:0
end_of_record
TN:
SF:C:\Users\UCHEKA CHUKWUKELEUBA\Desktop\devconnector\myapp\devconnector\api\validator\experience.js
FN:4,(anonymous_0)
FNF:1
FNH:0
FNDA:0,(anonymous_0)
DA:4,1
DA:5,0
DA:6,0
DA:7,0
DA:8,0
DA:9,0
DA:11,0
DA:12,0
DA:14,0
DA:15,0
DA:17,0
DA:18,0
DA:20,0
DA:21,0
DA:23,0
DA:24,0
DA:25,0
DA:28,0
DA:29,0
DA:30,0
DA:33,0
DA:34,0
DA:35,0
DA:38,0
DA:39,0
DA:40,0
DA:44,0
LF:27
LH:1
BRDA:7,0,0,0
BRDA:7,0,1,0
BRDA:8,1,0,0
BRDA:8,1,1,0
BRDA:9,2,0,0
BRDA:9,2,1,0
BRDA:11,3,0,0
BRDA:11,3,1,0
BRDA:14,4,0,0
BRDA:14,4,1,0
BRDA:17,5,0,0
BRDA:17,5,1,0
BRDA:20,6,0,0
BRDA:20,6,1,0
BRDA:23,7,0,0
BRDA:23,7,1,0
BRDA:24,8,0,0
BRDA:24,8,1,0
BRDA:28,9,0,0
BRDA:28,9,1,0
BRDA:29,10,0,0
BRDA:29,10,1,0
BRDA:33,11,0,0
BRDA:33,11,1,0
BRDA:34,12,0,0
BRDA:34,12,1,0
BRDA:38,13,0,0
BRDA:38,13,1,0
BRDA:39,14,0,0
BRDA:39,14,1,0
BRF:30
BRH:0
end_of_record
TN:
SF:C:\Users\UCHEKA CHUKWUKELEUBA\Desktop\devconnector\myapp\devconnector\api\validator\isEmpty.js
FN:3,(anonymous_0)
FNF:1
FNH:1
FNDA:22,(anonymous_0)
DA:3,1
DA:4,22
LF:2
LH:2
BRDA:5,0,0,22
BRDA:5,0,1,13
BRDA:5,0,2,13
BRDA:5,0,3,3
BRDA:5,0,4,10
BRDA:5,0,5,10
BRF:6
BRH:6
end_of_record
TN:
SF:C:\Users\UCHEKA CHUKWUKELEUBA\Desktop\devconnector\myapp\devconnector\api\validator\login.js
FN:4,(anonymous_0)
FNF:1
FNH:1
FNDA:1,(anonymous_0)
DA:4,1
DA:5,1
DA:6,1
DA:7,1
DA:8,1
DA:9,1
DA:10,1
DA:11,1
DA:13,1
DA:14,0
DA:16,1
DA:17,0
DA:19,1
DA:20,0
DA:22,1
DA:23,0
DA:26,1
LF:17
LH:13
BRDA:7,0,0,0
BRDA:7,0,1,1
BRDA:8,1,0,1
BRDA:8,1,1,0
BRDA:9,2,0,1
BRDA:9,2,1,0
BRDA:10,3,0,0
BRDA:10,3,1,1
BRDA:11,4,0,0
BRDA:11,4,1,1
BRDA:13,5,0,0
BRDA:13,5,1,1
BRDA:16,6,0,0
BRDA:16,6,1,1
BRDA:19,7,0,0
BRDA:19,7,1,1
BRDA:22,8,0,0
BRDA:22,8,1,1
BRF:18
BRH:9
end_of_record
TN:
SF:C:\Users\UCHEKA CHUKWUKELEUBA\Desktop\devconnector\myapp\devconnector\api\validator\post.js
FN:4,(anonymous_0)
FNF:1
FNH:0
FNDA:0,(anonymous_0)
DA:4,1
DA:5,0
DA:6,0
DA:7,0
DA:9,0
DA:10,0
DA:12,0
DA:13,0
DA:15,0
DA:16,0
DA:19,0
LF:11
LH:1
BRDA:7,0,0,0
BRDA:7,0,1,0
BRDA:9,1,0,0
BRDA:9,1,1,0
BRDA:12,2,0,0
BRDA:12,2,1,0
BRDA:15,3,0,0
BRDA:15,3,1,0
BRF:8
BRH:0
end_of_record
TN:
SF:C:\Users\UCHEKA CHUKWUKELEUBA\Desktop\devconnector\myapp\devconnector\api\validator\register.js
FN:4,(anonymous_0)
FNF:1
FNH:1
FNDA:1,(anonymous_0)
DA:4,1
DA:5,1
DA:6,1
DA:7,1
DA:8,1
DA:9,1
DA:10,1
DA:11,1
DA:13,1
DA:14,0
DA:16,1
DA:17,0
DA:19,1
DA:20,0
DA:22,1
DA:23,0
DA:25,1
DA:26,0
DA:28,1
DA:29,0
DA:31,1
DA:32,0
DA:35,1
LF:23
LH:16
BRDA:7,0,0,1
BRDA:7,0,1,0
BRDA:8,1,0,1
BRDA:8,1,1,0
BRDA:9,2,0,1
BRDA:9,2,1,0
BRDA:10,3,0,1
BRDA:10,3,1,0
BRDA:11,4,0,1
BRDA:11,4,1,0
BRDA:13,5,0,0
BRDA:13,5,1,1
BRDA:16,6,0,0
BRDA:16,6,1,1
BRDA:19,7,0,0
BRDA:19,7,1,1
BRDA:22,8,0,0
BRDA:22,8,1,1
BRDA:25,9,0,0
BRDA:25,9,1,1
BRDA:28,10,0,0
BRDA:28,10,1,1
BRDA:31,11,0,0
BRDA:31,11,1,1
BRF:24
BRH:12
end_of_record
